<?xml version="1.0" encoding="UTF-8"?>
<!-- Generated by org.testng.reporters.JUnitReportReporter -->
<testsuite hostname="DESKTOP-0G2S0KD" failures="0" tests="1" name="TestNGAnnotationPackage.AnnotationsClass" time="0.007" errors="0" timestamp="2023-12-01T12:12:38 IST" skipped="0">
  <testcase classname="TestNGAnnotationPackage.AnnotationsClass" name="annotation_Test_Method" time="0.007">
    <system-out>
      <![CDATA[Test annotation]]>
    </system-out>
  </testcase> <!-- annotation_Test_Method -->
  <system-out>
    <![CDATA[Before suite annotation
Before Test annotation
Before class annotation
Before method annotation
Test annotation
After method annotation
After Class annotation
After Test annotation
After Suite annotation]]>
  </system-out>
</testsuite> <!-- TestNGAnnotationPackage.AnnotationsClass -->
