<?xml version="1.0" encoding="UTF-8"?>
<!-- Generated by org.testng.reporters.JUnitReportReporter -->
<testsuite hostname="DESKTOP-0G2S0KD" failures="0" tests="1" name="TestNGExecutionPackage.javaTest" time="9.206" errors="0" timestamp="2023-11-28T12:50:55 IST" skipped="0">
  <testcase classname="TestNGExecutionPackage.javaTest" name="java_method" time="9.206"/>
</testsuite> <!-- TestNGExecutionPackage.javaTest -->
