<?xml version="1.0" encoding="UTF-8"?>
<!-- Generated by org.testng.reporters.JUnitReportReporter -->
<testsuite hostname="DESKTOP-0G2S0KD" failures="0" tests="2" name="testNGPackage.Sumo" time="0.011" errors="0" timestamp="2023-11-28T20:27:50 IST" skipped="0">
  <testcase classname="testNGPackage.Sumo" name="method2" time="0.002">
    <system-out>
      <![CDATA[Method3 from sumo class]]>
    </system-out>
  </testcase> <!-- method2 -->
  <testcase classname="testNGPackage.Sumo" name="method" time="0.009">
    <system-out>
      <![CDATA[Method3 from sumo class]]>
    </system-out>
  </testcase> <!-- method -->
  <system-out>
    <![CDATA[Method3 from sumo class
Method3 from sumo class]]>
  </system-out>
</testsuite> <!-- testNGPackage.Sumo -->
