<?xml version="1.0" encoding="UTF-8"?>
<!-- Generated by org.testng.reporters.JUnitReportReporter -->
<testsuite hostname="DESKTOP-0G2S0KD" failures="0" tests="2" name="TestNGExecutionPackage.Test2" time="0.003" errors="0" timestamp="2023-11-30T12:07:52 IST" skipped="0">
  <testcase classname="TestNGExecutionPackage.Test2" name="method1" time="0.001">
    <system-out>
      <![CDATA[method1 from test2 class!]]>
    </system-out>
  </testcase> <!-- method1 -->
  <testcase classname="TestNGExecutionPackage.Test2" name="method2" time="0.002">
    <system-out>
      <![CDATA[method2 from test2 class]]>
    </system-out>
  </testcase> <!-- method2 -->
  <system-out>
    <![CDATA[method1 from test3 class!
method1 from test1 class
method2 from test1 class
method1 from test2 class!
method2 from test2 class]]>
  </system-out>
</testsuite> <!-- TestNGExecutionPackage.Test2 -->
