<?xml version="1.0" encoding="UTF-8"?>
<!-- Generated by org.testng.reporters.JUnitReportReporter -->
<testsuite hostname="DESKTOP-0G2S0KD" failures="0" tests="1" name="TestNGExecutionPackage.SeleniumTest" time="156.016" errors="0" timestamp="2023-11-30T11:58:57 IST" skipped="0">
  <testcase classname="TestNGExecutionPackage.SeleniumTest" name="Selenium_method" time="156.016"/>
</testsuite> <!-- TestNGExecutionPackage.SeleniumTest -->
