<?xml version="1.0" encoding="UTF-8"?>
<!-- Generated by org.testng.reporters.JUnitReportReporter -->
<testsuite hostname="DESKTOP-0G2S0KD" failures="0" tests="2" name="testNGPackage.Demo" time="0.009" errors="0" timestamp="2023-11-28T11:08:49 IST" skipped="0">
  <testcase classname="testNGPackage.Demo" name="Method2" time="0.001">
    <system-out>
      <![CDATA[method1 from Demo class]]>
    </system-out>
  </testcase> <!-- Method2 -->
  <testcase classname="testNGPackage.Demo" name="Method1" time="0.008">
    <system-out>
      <![CDATA[method1 from Demo class]]>
    </system-out>
  </testcase> <!-- Method1 -->
  <system-out>
    <![CDATA[method1 from Demo class
method1 from Demo class]]>
  </system-out>
</testsuite> <!-- testNGPackage.Demo -->
