<?xml version="1.0" encoding="UTF-8"?>
<!-- Generated by org.testng.reporters.JUnitReportReporter -->
<testsuite hostname="DESKTOP-0G2S0KD" failures="0" tests="2" name="TestNGAnnotationPackage.GoogleSearchText" time="39.144" errors="0" timestamp="2023-12-01T12:56:05 IST" skipped="0">
  <testcase classname="TestNGAnnotationPackage.GoogleSearchText" name="Search_java" time="24.111"/>
  <testcase classname="TestNGAnnotationPackage.GoogleSearchText" name="Search_Selenium" time="15.033"/>
</testsuite> <!-- TestNGAnnotationPackage.GoogleSearchText -->
