<?xml version="1.0" encoding="UTF-8"?>
<!-- Generated by org.testng.reporters.JUnitReportReporter -->
<testsuite hostname="DESKTOP-0G2S0KD" failures="0" tests="1" name="TestNGExecutionPackage.SqlTest" time="13.280" errors="0" timestamp="2023-11-30T11:58:57 IST" skipped="0">
  <testcase classname="TestNGExecutionPackage.SqlTest" name="Sql_method" time="13.280"/>
</testsuite> <!-- TestNGExecutionPackage.SqlTest -->
