<?xml version="1.0" encoding="UTF-8"?>
<!-- Generated by org.testng.reporters.JUnitReportReporter -->
<testsuite hostname="DESKTOP-0G2S0KD" failures="0" tests="2" name="TestNGExecutionPackage.Test3" time="0.009" errors="0" timestamp="2023-11-30T13:00:29 IST" skipped="0">
  <testcase classname="TestNGExecutionPackage.Test3" name="method2" time="0.001"/>
  <testcase classname="TestNGExecutionPackage.Test3" name="method1" time="0.008">
    <system-out>
      <![CDATA[method1 from test3 class!]]>
    </system-out>
  </testcase> <!-- method1 -->
  <system-out>
    <![CDATA[method1 from test3 class!]]>
  </system-out>
</testsuite> <!-- TestNGExecutionPackage.Test3 -->
